-- MySQL dump 10.13  Distrib 5.7.17, for Win64 (x86_64)
--
-- Host: localhost    Database: db1229
-- ------------------------------------------------------
-- Server version	5.7.17

/*!40101 SET @OLD_CHARACTER_SET_CLIENT=@@CHARACTER_SET_CLIENT */;
/*!40101 SET @OLD_CHARACTER_SET_RESULTS=@@CHARACTER_SET_RESULTS */;
/*!40101 SET @OLD_COLLATION_CONNECTION=@@COLLATION_CONNECTION */;
/*!40101 SET NAMES utf8 */;
/*!40103 SET @OLD_TIME_ZONE=@@TIME_ZONE */;
/*!40103 SET TIME_ZONE='+00:00' */;
/*!40014 SET @OLD_UNIQUE_CHECKS=@@UNIQUE_CHECKS, UNIQUE_CHECKS=0 */;
/*!40014 SET @OLD_FOREIGN_KEY_CHECKS=@@FOREIGN_KEY_CHECKS, FOREIGN_KEY_CHECKS=0 */;
/*!40101 SET @OLD_SQL_MODE=@@SQL_MODE, SQL_MODE='NO_AUTO_VALUE_ON_ZERO' */;
/*!40111 SET @OLD_SQL_NOTES=@@SQL_NOTES, SQL_NOTES=0 */;

--
-- Table structure for table `equipment advance`
--

DROP TABLE IF EXISTS `equipment advance`;
/*!40101 SET @saved_cs_client     = @@character_set_client */;
/*!40101 SET character_set_client = utf8 */;
CREATE TABLE `equipment advance` (
  `member id` varchar(10) COLLATE utf8_bin NOT NULL,
  `equipment id` varchar(10) COLLATE utf8_bin NOT NULL,
  `statement` varchar(5) COLLATE utf8_bin NOT NULL,
  PRIMARY KEY (`member id`)
) ENGINE=InnoDB DEFAULT CHARSET=utf8 COLLATE=utf8_bin;
/*!40101 SET character_set_client = @saved_cs_client */;

--
-- Dumping data for table `equipment advance`
--

LOCK TABLES `equipment advance` WRITE;
/*!40000 ALTER TABLE `equipment advance` DISABLE KEYS */;
/*!40000 ALTER TABLE `equipment advance` ENABLE KEYS */;
UNLOCK TABLES;

--
-- Table structure for table `equipment lending unit`
--

DROP TABLE IF EXISTS `equipment lending unit`;
/*!40101 SET @saved_cs_client     = @@character_set_client */;
/*!40101 SET character_set_client = utf8 */;
CREATE TABLE `equipment lending unit` (
  `equipment id` varchar(10) COLLATE utf8_bin NOT NULL,
  `equipment statement` varchar(10) COLLATE utf8_bin NOT NULL,
  `unit` varchar(5) COLLATE utf8_bin NOT NULL,
  PRIMARY KEY (`equipment id`)
) ENGINE=InnoDB DEFAULT CHARSET=utf8 COLLATE=utf8_bin;
/*!40101 SET character_set_client = @saved_cs_client */;

--
-- Dumping data for table `equipment lending unit`
--

LOCK TABLES `equipment lending unit` WRITE;
/*!40000 ALTER TABLE `equipment lending unit` DISABLE KEYS */;
INSERT INTO `equipment lending unit` VALUES ('A111','using','B01'),('A222','using','B02'),('A333','using','B03');
/*!40000 ALTER TABLE `equipment lending unit` ENABLE KEYS */;
UNLOCK TABLES;

--
-- Table structure for table `equipment lost`
--

DROP TABLE IF EXISTS `equipment lost`;
/*!40101 SET @saved_cs_client     = @@character_set_client */;
/*!40101 SET character_set_client = utf8 */;
CREATE TABLE `equipment lost` (
  `member id` varchar(10) COLLATE utf8_bin NOT NULL,
  `equipment id` varchar(10) COLLATE utf8_bin NOT NULL,
  `statement` varchar(5) COLLATE utf8_bin NOT NULL,
  PRIMARY KEY (`member id`)
) ENGINE=InnoDB DEFAULT CHARSET=utf8 COLLATE=utf8_bin;
/*!40101 SET character_set_client = @saved_cs_client */;

--
-- Dumping data for table `equipment lost`
--

LOCK TABLES `equipment lost` WRITE;
/*!40000 ALTER TABLE `equipment lost` DISABLE KEYS */;
/*!40000 ALTER TABLE `equipment lost` ENABLE KEYS */;
UNLOCK TABLES;

--
-- Table structure for table `equipment name query`
--

DROP TABLE IF EXISTS `equipment name query`;
/*!40101 SET @saved_cs_client     = @@character_set_client */;
/*!40101 SET character_set_client = utf8 */;
CREATE TABLE `equipment name query` (
  `equipment id` varchar(10) COLLATE utf8_bin NOT NULL,
  `quantity` varchar(10) COLLATE utf8_bin NOT NULL,
  `remaining` varchar(10) COLLATE utf8_bin NOT NULL,
  PRIMARY KEY (`equipment id`)
) ENGINE=InnoDB DEFAULT CHARSET=utf8 COLLATE=utf8_bin;
/*!40101 SET character_set_client = @saved_cs_client */;

--
-- Dumping data for table `equipment name query`
--

LOCK TABLES `equipment name query` WRITE;
/*!40000 ALTER TABLE `equipment name query` DISABLE KEYS */;
INSERT INTO `equipment name query` VALUES ('A111','5','4'),('A222','5','4'),('A333','5','4');
/*!40000 ALTER TABLE `equipment name query` ENABLE KEYS */;
UNLOCK TABLES;

--
-- Table structure for table `equipment return`
--

DROP TABLE IF EXISTS `equipment return`;
/*!40101 SET @saved_cs_client     = @@character_set_client */;
/*!40101 SET character_set_client = utf8 */;
CREATE TABLE `equipment return` (
  `member id` varchar(10) COLLATE utf8_bin NOT NULL,
  `equipment id` varchar(10) COLLATE utf8_bin DEFAULT NULL,
  `equipment statement` varchar(10) COLLATE utf8_bin DEFAULT NULL,
  PRIMARY KEY (`member id`)
) ENGINE=InnoDB DEFAULT CHARSET=utf8 COLLATE=utf8_bin;
/*!40101 SET character_set_client = @saved_cs_client */;

--
-- Dumping data for table `equipment return`
--

LOCK TABLES `equipment return` WRITE;
/*!40000 ALTER TABLE `equipment return` DISABLE KEYS */;
INSERT INTO `equipment return` VALUES ('A01','A111','success'),('A02','A222','success'),('A03','A333','success');
/*!40000 ALTER TABLE `equipment return` ENABLE KEYS */;
UNLOCK TABLES;

--
-- Table structure for table `equipment_rental`
--

DROP TABLE IF EXISTS `equipment_rental`;
/*!40101 SET @saved_cs_client     = @@character_set_client */;
/*!40101 SET character_set_client = utf8 */;
CREATE TABLE `equipment_rental` (
  `member_id` varchar(10) COLLATE utf8_bin NOT NULL,
  `equipment_id` varchar(20) COLLATE utf8_bin NOT NULL,
  PRIMARY KEY (`member_id`)
) ENGINE=InnoDB DEFAULT CHARSET=utf8 COLLATE=utf8_bin;
/*!40101 SET character_set_client = @saved_cs_client */;

--
-- Dumping data for table `equipment_rental`
--

LOCK TABLES `equipment_rental` WRITE;
/*!40000 ALTER TABLE `equipment_rental` DISABLE KEYS */;
INSERT INTO `equipment_rental` VALUES ('111','222'),('rrr','ttt');
/*!40000 ALTER TABLE `equipment_rental` ENABLE KEYS */;
UNLOCK TABLES;

--
-- Table structure for table `member`
--

DROP TABLE IF EXISTS `member`;
/*!40101 SET @saved_cs_client     = @@character_set_client */;
/*!40101 SET character_set_client = utf8 */;
CREATE TABLE `member` (
  `member id` varchar(10) COLLATE utf8_bin NOT NULL,
  `member name` varchar(45) COLLATE utf8_bin NOT NULL,
  PRIMARY KEY (`member id`)
) ENGINE=InnoDB DEFAULT CHARSET=utf8 COLLATE=utf8_bin;
/*!40101 SET character_set_client = @saved_cs_client */;

--
-- Dumping data for table `member`
--

LOCK TABLES `member` WRITE;
/*!40000 ALTER TABLE `member` DISABLE KEYS */;
INSERT INTO `member` VALUES ('A01','蘇泰旁'),('A02','紅小鴨'),('A03','陳口亮');
/*!40000 ALTER TABLE `member` ENABLE KEYS */;
UNLOCK TABLES;
/*!40103 SET TIME_ZONE=@OLD_TIME_ZONE */;

/*!40101 SET SQL_MODE=@OLD_SQL_MODE */;
/*!40014 SET FOREIGN_KEY_CHECKS=@OLD_FOREIGN_KEY_CHECKS */;
/*!40014 SET UNIQUE_CHECKS=@OLD_UNIQUE_CHECKS */;
/*!40101 SET CHARACTER_SET_CLIENT=@OLD_CHARACTER_SET_CLIENT */;
/*!40101 SET CHARACTER_SET_RESULTS=@OLD_CHARACTER_SET_RESULTS */;
/*!40101 SET COLLATION_CONNECTION=@OLD_COLLATION_CONNECTION */;
/*!40111 SET SQL_NOTES=@OLD_SQL_NOTES */;

-- Dump completed on 2021-01-04 22:51:03
